0 info it worked if it ends with ok
1 verbose cli [ 'C:\\Program Files (x86)\\nodejs\\node.exe',
1 verbose cli   'C:\\Program Files (x86)\\nodejs\\node_modules\\npm\\bin\\npm-cli.js',
1 verbose cli   'install' ]
2 info using npm@2.14.20
3 info using node@v4.4.1
4 verbose readDependencies loading dependencies from C:\Users\vince\OneDrive\Documents\dev\node_quadtree\package.json
5 warn package.json node-quadtree@1.0.0 No repository field.
6 verbose install where, deps [ 'C:\\Users\\vince\\OneDrive\\Documents\\dev\\node_quadtree',
6 verbose install   [ 'nan' ] ]
7 verbose install where, peers [ 'C:\\Users\\vince\\OneDrive\\Documents\\dev\\node_quadtree',
7 verbose install   [] ]
8 verbose installManyTop reading for lifecycle C:\Users\vince\OneDrive\Documents\dev\node_quadtree\package.json
9 info preinstall node-quadtree@1.0.0
10 verbose installManyTop reading scoped package data from C:\Users\vince\OneDrive\Documents\dev\node_quadtree\node_modules\nan\package.json
11 info package.json nan@2.2.1 No README data
12 verbose readDependencies loading dependencies from C:\Users\vince\OneDrive\Documents\dev\node_quadtree\package.json
13 verbose targetResolver reading package data from C:\Users\vince\OneDrive\Documents\dev\node_quadtree\node_modules\nan\package.json
14 verbose already installed skipping nan@^2.2.1 C:\Users\vince\OneDrive\Documents\dev\node_quadtree
15 silly install resolved []
16 info build C:\Users\vince\OneDrive\Documents\dev\node_quadtree
17 info linkStuff node-quadtree@1.0.0
18 silly linkStuff node-quadtree@1.0.0 has C:\Users\vince\OneDrive\Documents\dev as its parent node_modules
19 verbose linkBins node-quadtree@1.0.0
20 verbose linkMans node-quadtree@1.0.0
21 verbose rebuildBundles node-quadtree@1.0.0
22 verbose rebuildBundles [ 'nan' ]
23 info install node-quadtree@1.0.0
24 verbose unsafe-perm in lifecycle true
25 info node-quadtree@1.0.0 Failed to exec install script
26 verbose stack Error: node-quadtree@1.0.0 install: `node-gyp rebuild`
26 verbose stack Exit status 1
26 verbose stack     at EventEmitter.<anonymous> (C:\Program Files (x86)\nodejs\node_modules\npm\lib\utils\lifecycle.js:214:16)
26 verbose stack     at emitTwo (events.js:87:13)
26 verbose stack     at EventEmitter.emit (events.js:172:7)
26 verbose stack     at ChildProcess.<anonymous> (C:\Program Files (x86)\nodejs\node_modules\npm\lib\utils\spawn.js:24:14)
26 verbose stack     at emitTwo (events.js:87:13)
26 verbose stack     at ChildProcess.emit (events.js:172:7)
26 verbose stack     at maybeClose (internal/child_process.js:827:16)
26 verbose stack     at Process.ChildProcess._handle.onexit (internal/child_process.js:211:5)
27 verbose pkgid node-quadtree@1.0.0
28 verbose cwd C:\Users\vince\OneDrive\Documents\dev\node_quadtree
29 error Windows_NT 10.0.10586
30 error argv "C:\\Program Files (x86)\\nodejs\\node.exe" "C:\\Program Files (x86)\\nodejs\\node_modules\\npm\\bin\\npm-cli.js" "install"
31 error node v4.4.1
32 error npm  v2.14.20
33 error code ELIFECYCLE
34 error node-quadtree@1.0.0 install: `node-gyp rebuild`
34 error Exit status 1
35 error Failed at the node-quadtree@1.0.0 install script 'node-gyp rebuild'.
35 error This is most likely a problem with the node-quadtree package,
35 error not with npm itself.
35 error Tell the author that this fails on your system:
35 error     node-gyp rebuild
35 error You can get information on how to open an issue for this project with:
35 error     npm bugs node-quadtree
35 error Or if that isn't available, you can get their info via:
35 error
35 error     npm owner ls node-quadtree
35 error There is likely additional logging output above.
36 verbose exit [ 1, true ]
